<?xml version="1.0" encoding="UTF-8"?>
<!-- Generated by org.testng.reporters.JUnitReportReporter -->
<testsuite skipped="0" hostname="user" name="LA_Test_Cases.Self_AnswerAllQuestions" tests="1" failures="0" timestamp="2020-06-12T14:13:33 IST" time="145.311" errors="0">
  <testcase name="operation" time="145.311" classname="LA_Test_Cases.Self_AnswerAllQuestions"/>
  <system-out/>
</testsuite> <!-- LA_Test_Cases.Self_AnswerAllQuestions -->
