<?xml version="1.0" encoding="UTF-8"?>
<!-- Generated by org.testng.reporters.JUnitReportReporter -->
<testsuite skipped="0" hostname="user" name="LA_Test_Cases.Rater_TxtComparision" tests="1" failures="0" timestamp="2020-07-29T15:07:57 IST" time="252.949" errors="0">
  <testcase name="rater_TxtComparision" time="252.949" classname="LA_Test_Cases.Rater_TxtComparision"/>
  <system-out/>
</testsuite> <!-- LA_Test_Cases.Rater_TxtComparision -->
