<?xml version="1.0" encoding="UTF-8"?>
<!-- Generated by org.testng.reporters.JUnitReportReporter -->
<testsuite skipped="0" hostname="user" name="LA_Test_Cases.Self_TxtComparision" tests="1" failures="0" timestamp="2020-06-12T15:25:21 IST" time="172.971" errors="0">
  <testcase name="self_txt_comaprision" time="172.971" classname="LA_Test_Cases.Self_TxtComparision"/>
  <system-out/>
</testsuite> <!-- LA_Test_Cases.Self_TxtComparision -->
