<?xml version="1.0" encoding="UTF-8"?>
<!-- Generated by org.testng.reporters.JUnitReportReporter -->
<testsuite skipped="0" hostname="user" name="LA_Test_Cases.Rater_AnswerAllQuestions" tests="1" failures="0" timestamp="2020-06-12T15:25:22 IST" time="269.506" errors="0">
  <testcase name="operation" time="269.506" classname="LA_Test_Cases.Rater_AnswerAllQuestions"/>
  <system-out/>
</testsuite> <!-- LA_Test_Cases.Rater_AnswerAllQuestions -->
